=== Building All Dashboards — 2026-03-01 07:34 ===

▸ Running build_trending_dashboard.py...
  ✓ Trending Dashboard built: 394 videos, extract date 2026-03-01
▸ Running build_growth_dashboard.py...
  ✓ Growth Dashboard built: 1316 videos, 68 authors tracked
▸ Running build_projects_dashboard.py...
  ✓ Projects Dashboard built: 20 deals, $239,000 total fees

=== All dashboards built successfully ===
=== Building All Dashboards — 2026-03-02 06:30 ===

▸ Running build_trending_dashboard.py...
  ✓ Trending Dashboard built: 367 videos, extract date 2026-03-02
▸ Running build_growth_dashboard.py...
  ✓ Growth Dashboard built: 1319 videos, 68 authors tracked
▸ Running build_projects_dashboard.py...
  ✓ Projects Dashboard built: 20 deals, $239,000 total fees

=== All dashboards built successfully ===
=== Building All Dashboards — 2026-03-03 06:30 ===

▸ Running build_trending_dashboard.py...
  ✓ Trending Dashboard built: 367 videos, extract date 2026-03-02
▸ Running build_growth_dashboard.py...
  ✓ Growth Dashboard built: 1319 videos, 68 authors tracked
▸ Running build_projects_dashboard.py...
  ✓ Projects Dashboard built: 20 deals, $239,000 total fees

=== All dashboards built successfully ===
=== Building All Dashboards — 2026-03-04 06:30 ===

▸ Running build_trending_dashboard.py...
  ✓ Trending Dashboard built: 396 videos, extract date 2026-03-04
▸ Running build_growth_dashboard.py...
  ✓ Growth Dashboard built: 1326 videos, 69 authors tracked
▸ Running build_projects_dashboard.py...
  ✓ Projects Dashboard built: 20 deals, $239,000 total fees

=== All dashboards built successfully ===
=== Building All Dashboards — 2026-03-05 06:39 ===

▸ Running build_trending_dashboard.py...
  ✓ Trending Dashboard built: 396 videos, extract date 2026-03-04
▸ Running build_growth_dashboard.py...
  ✓ Growth Dashboard built: 1326 videos, 69 authors tracked
▸ Running build_projects_dashboard.py...
  ✓ Projects Dashboard built: 20 deals, $239,000 total fees

=== All dashboards built successfully ===
=== Building All Dashboards — 2026-03-05 20:15 ===

▸ Running build_trending_dashboard.py...
  ✓ Trending Dashboard built: 396 videos, extract date 2026-03-04
▸ Running build_growth_dashboard.py...
  ✓ Growth Dashboard built: 1326 videos, 69 authors tracked
▸ Running build_projects_dashboard.py...
  ✓ Projects Dashboard built: 20 deals, $239,000 total fees

=== All dashboards built successfully ===
=== Building All Dashboards — 2026-03-06 06:30 ===

▸ Running build_trending_dashboard.py...
  ✓ Trending Dashboard built: 396 videos, extract date 2026-03-04
▸ Running build_growth_dashboard.py...
  ✓ Growth Dashboard built: 1326 videos, 69 authors tracked
▸ Running build_projects_dashboard.py...
  ✓ Projects Dashboard built: 20 deals, $239,000 total fees

=== All dashboards built successfully ===
=== Building All Dashboards — 2026-03-07 06:30 ===

▸ Running build_trending_dashboard.py...
  ✓ Trending Dashboard built: 380 videos, extract date 2026-03-06
▸ Running build_growth_dashboard.py...
  ✓ Growth Dashboard built: 1330 videos, 69 authors tracked
▸ Running build_projects_dashboard.py...
  ✓ Projects Dashboard built: 20 deals, $239,000 total fees

=== All dashboards built successfully ===
=== Building All Dashboards — 2026-03-08 06:30 ===

▸ Running build_trending_dashboard.py...
  ✓ Trending Dashboard built: 384 videos, extract date 2026-03-08
▸ Running build_growth_dashboard.py...
  ✓ Growth Dashboard built: 1337 videos, 69 authors tracked
▸ Running build_projects_dashboard.py...
  ✓ Projects Dashboard built: 20 deals, $239,000 total fees

=== All dashboards built successfully ===
=== Building All Dashboards — 2026-03-09 06:30 ===

▸ Running build_trending_dashboard.py...
  ✓ Trending Dashboard built: 384 videos, extract date 2026-03-09
▸ Running build_growth_dashboard.py...
  ✓ Growth Dashboard built: 1340 videos, 69 authors tracked
▸ Running build_projects_dashboard.py...
  ✓ Projects Dashboard built: 20 deals, $239,000 total fees

=== All dashboards built successfully ===
=== Building All Dashboards — 2026-03-10 06:30 ===

▸ Running build_trending_dashboard.py...
  ✓ Trending Dashboard built: 384 videos, extract date 2026-03-09
▸ Running build_growth_dashboard.py...
  ✓ Growth Dashboard built: 1340 videos, 69 authors tracked
▸ Running build_projects_dashboard.py...
  ✓ Projects Dashboard built: 20 deals, $239,000 total fees

=== All dashboards built successfully ===
=== Building All Dashboards — 2026-03-11 06:30 ===

▸ Running build_trending_dashboard.py...
  ✓ Trending Dashboard built: 351 videos, extract date 2026-03-11
▸ Running build_growth_dashboard.py...
  ✓ Growth Dashboard built: 1347 videos, 69 authors tracked
▸ Running build_projects_dashboard.py...
  ✓ Projects Dashboard built: 20 deals, $239,000 total fees

=== All dashboards built successfully ===
=== Building All Dashboards — 2026-03-12 06:30 ===

▸ Running build_trending_dashboard.py...
  ✓ Trending Dashboard built: 351 videos, extract date 2026-03-11
▸ Running build_growth_dashboard.py...
  ✓ Growth Dashboard built: 1347 videos, 69 authors tracked
▸ Running build_projects_dashboard.py...
  ✓ Projects Dashboard built: 20 deals, $239,000 total fees

=== All dashboards built successfully ===
=== Building All Dashboards — 2026-03-13 06:30 ===

▸ Running build_trending_dashboard.py...
  ✓ Trending Dashboard built: 358 videos, extract date 2026-03-13
▸ Running build_growth_dashboard.py...
  ✓ Growth Dashboard built: 1350 videos, 69 authors tracked
▸ Running build_projects_dashboard.py...
  ✓ Projects Dashboard built: 20 deals, $239,000 total fees

=== All dashboards built successfully ===
=== Building All Dashboards — 2026-03-14 06:43 ===

▸ Running build_trending_dashboard.py...
  ✓ Trending Dashboard built: 358 videos, extract date 2026-03-13
▸ Running build_growth_dashboard.py...
  ✓ Growth Dashboard built: 1350 videos, 69 authors tracked
▸ Running build_projects_dashboard.py...
  ✓ Projects Dashboard built: 20 deals, $239,000 total fees

=== All dashboards built successfully ===
=== Building All Dashboards — 2026-03-15 06:30 ===

▸ Running build_trending_dashboard.py...
  ✓ Trending Dashboard built: 376 videos, extract date 2026-03-15
▸ Running build_growth_dashboard.py...
  ✓ Growth Dashboard built: 1354 videos, 69 authors tracked
▸ Running build_projects_dashboard.py...
  ✓ Projects Dashboard built: 20 deals, $239,000 total fees

=== All dashboards built successfully ===
=== Building All Dashboards — 2026-03-16 06:30 ===

▸ Running build_trending_dashboard.py...
  ✓ Trending Dashboard built: 337 videos, extract date 2026-03-16
▸ Running build_growth_dashboard.py...
  ✓ Growth Dashboard built: 1357 videos, 69 authors tracked
▸ Running build_projects_dashboard.py...
  ✓ Projects Dashboard built: 20 deals, $239,000 total fees

=== All dashboards built successfully ===
=== Building All Dashboards — 2026-03-17 06:30 ===

▸ Running build_trending_dashboard.py...
  ✓ Trending Dashboard built: 337 videos, extract date 2026-03-16
▸ Running build_growth_dashboard.py...
  ✓ Growth Dashboard built: 1357 videos, 69 authors tracked
▸ Running build_projects_dashboard.py...
  ✓ Projects Dashboard built: 20 deals, $239,000 total fees

=== All dashboards built successfully ===
=== Building All Dashboards — 2026-03-18 06:30 ===

▸ Running build_trending_dashboard.py...
  ✓ Trending Dashboard built: 375 videos, extract date 2026-03-18
▸ Running build_growth_dashboard.py...
  ✓ Growth Dashboard built: 1361 videos, 69 authors tracked
▸ Running build_projects_dashboard.py...
  ✓ Projects Dashboard built: 20 deals, $239,000 total fees

=== All dashboards built successfully ===
=== Building All Dashboards — 2026-03-19 06:30 ===

▸ Running build_trending_dashboard.py...
  ✓ Trending Dashboard built: 375 videos, extract date 2026-03-18
▸ Running build_growth_dashboard.py...
  ✓ Growth Dashboard built: 1361 videos, 69 authors tracked
▸ Running build_projects_dashboard.py...
  ✓ Projects Dashboard built: 21 deals, $259,000 total fees

=== All dashboards built successfully ===
